android/app/build/intermediates/manifest_merge_blame_file/release/manifest-merger-blame-release-report.txt
1<?xml version="1.0" encoding="utf-8"?>
2<manifest xmlns:android="http://schemas.android.com/apk/res/android"
3    package="io.ionic.starter"
4    android:versionCode="1"
5    android:versionName="1.0" >
6
7    <uses-sdk
8        android:minSdkVersion="21"
8-->src\main\AndroidManifest.xml
9        android:targetSdkVersion="29" />
9-->src\main\AndroidManifest.xml
10
11    <!-- Permissions -->
12
13    <uses-permission android:name="android.permission.INTERNET" />
13-->src\main\AndroidManifest.xml:48:5-67
13-->src\main\AndroidManifest.xml:48:22-64
14    <!-- Camera, Photos, input file -->
15    <uses-permission android:name="android.permission.READ_EXTERNAL_STORAGE" />
15-->src\main\AndroidManifest.xml:50:5-79
15-->src\main\AndroidManifest.xml:50:22-77
16    <uses-permission android:name="android.permission.WRITE_EXTERNAL_STORAGE" />
16-->src\main\AndroidManifest.xml:51:5-81
16-->src\main\AndroidManifest.xml:51:22-78
17    <!-- Geolocation API -->
18    <uses-permission android:name="android.permission.ACCESS_COARSE_LOCATION" />
18-->src\main\AndroidManifest.xml:53:5-81
18-->src\main\AndroidManifest.xml:53:22-78
19    <uses-permission android:name="android.permission.ACCESS_FINE_LOCATION" />
19-->src\main\AndroidManifest.xml:54:5-79
19-->src\main\AndroidManifest.xml:54:22-76
20
21    <uses-feature android:name="android.hardware.location.gps" />
21-->src\main\AndroidManifest.xml:55:5-66
21-->src\main\AndroidManifest.xml:55:19-63
22    <!-- Network API -->
23    <uses-permission android:name="android.permission.ACCESS_NETWORK_STATE" />
23-->src\main\AndroidManifest.xml:57:5-79
23-->src\main\AndroidManifest.xml:57:22-76
24    <!-- Navigator.getUserMedia -->
25    <!-- Video -->
26    <uses-permission android:name="android.permission.CAMERA" />
26-->src\main\AndroidManifest.xml:60:5-65
26-->src\main\AndroidManifest.xml:60:22-62
27    <!-- Audio -->
28    <uses-permission android:name="android.permission.RECORD_AUDIO" />
28-->src\main\AndroidManifest.xml:62:5-71
28-->src\main\AndroidManifest.xml:62:22-68
29    <uses-permission android:name="android.permission.MODIFY_AUDIO_SETTINGS" />
29-->src\main\AndroidManifest.xml:63:5-79
29-->src\main\AndroidManifest.xml:63:22-77
30
31    <uses-feature
31-->[:capacitor-android] AndroidManifest.xml:11:5-13:36
32        android:name="android.hardware.camera"
32-->[:capacitor-android] AndroidManifest.xml:12:9-47
33        android:required="false" />
33-->[:capacitor-android] AndroidManifest.xml:13:9-33
34
35    <uses-permission android:name="android.permission.REQUEST_INSTALL_PACKAGES" />
35-->[:capacitor-cordova-android-plugins] AndroidManifest.xml:14:5-83
35-->[:capacitor-cordova-android-plugins] AndroidManifest.xml:14:22-80
36    <uses-permission android:name="android.permission.WAKE_LOCK" /> <!-- Required by older versions of Google Play services to create IID tokens -->
36-->[com.google.firebase:firebase-iid:20.1.1] AndroidManifest.xml:24:5-68
36-->[com.google.firebase:firebase-iid:20.1.1] AndroidManifest.xml:24:22-65
37    <uses-permission android:name="com.google.android.c2dm.permission.RECEIVE" />
37-->[com.google.firebase:firebase-iid:20.1.1] AndroidManifest.xml:26:5-82
37-->[com.google.firebase:firebase-iid:20.1.1] AndroidManifest.xml:26:22-79
38
39    <application
39-->src\main\AndroidManifest.xml:5:5-44:19
40        android:allowBackup="true"
40-->src\main\AndroidManifest.xml:6:9-35
41        android:appComponentFactory="androidx.core.app.CoreComponentFactory"
41-->[androidx.core:core:1.2.0] AndroidManifest.xml:24:18-86
42        android:icon="@mipmap/ic_launcher"
42-->src\main\AndroidManifest.xml:7:9-43
43        android:label="@string/app_name"
43-->src\main\AndroidManifest.xml:8:9-41
44        android:roundIcon="@mipmap/ic_launcher_round"
44-->src\main\AndroidManifest.xml:9:9-54
45        android:supportsRtl="true"
45-->src\main\AndroidManifest.xml:11:9-35
46        android:testOnly="true"
47        android:theme="@style/AppTheme"
47-->src\main\AndroidManifest.xml:12:9-40
48        android:usesCleartextTraffic="true" >
48-->src\main\AndroidManifest.xml:10:9-44
49        <activity
49-->src\main\AndroidManifest.xml:14:9-33:20
50            android:name="io.ionic.starter.MainActivity"
50-->src\main\AndroidManifest.xml:16:13-57
51            android:configChanges="orientation|keyboardHidden|keyboard|screenSize|locale|smallestScreenSize|screenLayout|uiMode"
51-->src\main\AndroidManifest.xml:15:13-129
52            android:label="@string/title_activity_main"
52-->src\main\AndroidManifest.xml:17:13-56
53            android:launchMode="singleTask"
53-->src\main\AndroidManifest.xml:19:13-44
54            android:theme="@style/AppTheme.NoActionBarLaunch" >
54-->src\main\AndroidManifest.xml:18:13-62
55            <intent-filter>
55-->src\main\AndroidManifest.xml:21:13-24:29
56                <action android:name="android.intent.action.MAIN" />
56-->src\main\AndroidManifest.xml:22:17-69
56-->src\main\AndroidManifest.xml:22:25-66
57
58                <category android:name="android.intent.category.LAUNCHER" />
58-->src\main\AndroidManifest.xml:23:17-77
58-->src\main\AndroidManifest.xml:23:27-74
59            </intent-filter>
60            <intent-filter>
60-->src\main\AndroidManifest.xml:26:13-31:29
61                <action android:name="android.intent.action.VIEW" />
61-->src\main\AndroidManifest.xml:27:17-69
61-->src\main\AndroidManifest.xml:27:25-66
62
63                <category android:name="android.intent.category.DEFAULT" />
63-->src\main\AndroidManifest.xml:28:17-76
63-->src\main\AndroidManifest.xml:28:27-73
64                <category android:name="android.intent.category.BROWSABLE" />
64-->src\main\AndroidManifest.xml:29:17-78
64-->src\main\AndroidManifest.xml:29:27-75
65
66                <data android:scheme="@string/custom_url_scheme" />
66-->src\main\AndroidManifest.xml:30:17-68
66-->src\main\AndroidManifest.xml:30:23-65
67            </intent-filter>
68        </activity>
69
70        <provider
71            android:name="androidx.core.content.FileProvider"
71-->src\main\AndroidManifest.xml:36:13-62
72            android:authorities="io.ionic.starter.fileprovider"
72-->src\main\AndroidManifest.xml:37:13-64
73            android:exported="false"
73-->src\main\AndroidManifest.xml:38:13-37
74            android:grantUriPermissions="true" >
74-->src\main\AndroidManifest.xml:39:13-47
75            <meta-data
75-->src\main\AndroidManifest.xml:40:13-42:64
76                android:name="android.support.FILE_PROVIDER_PATHS"
76-->src\main\AndroidManifest.xml:41:17-67
77                android:resource="@xml/file_paths" />
77-->src\main\AndroidManifest.xml:42:17-51
78        </provider>
79
80        <service
80-->[:capacitor-android] AndroidManifest.xml:16:9-18:40
81            android:name="com.getcapacitor.plugin.background.BackgroundTaskService"
81-->[:capacitor-android] AndroidManifest.xml:17:13-84
82            android:exported="false" />
82-->[:capacitor-android] AndroidManifest.xml:18:13-37
83
84        <receiver android:name="com.getcapacitor.plugin.notification.TimedNotificationPublisher" />
84-->[:capacitor-android] AndroidManifest.xml:20:9-100
84-->[:capacitor-android] AndroidManifest.xml:20:19-97
85        <receiver android:name="com.getcapacitor.plugin.notification.NotificationDismissReceiver" />
85-->[:capacitor-android] AndroidManifest.xml:21:9-101
85-->[:capacitor-android] AndroidManifest.xml:21:19-98
86
87        <meta-data
87-->[:capacitor-android] AndroidManifest.xml:23:9-25:37
88            android:name="firebase_messaging_auto_init_enabled"
88-->[:capacitor-android] AndroidManifest.xml:24:13-64
89            android:value="false" />
89-->[:capacitor-android] AndroidManifest.xml:25:13-34
90
91        <service
91-->[:capacitor-android] AndroidManifest.xml:27:9-33:19
92            android:name="com.getcapacitor.CapacitorFirebaseMessagingService"
92-->[:capacitor-android] AndroidManifest.xml:28:13-78
93            android:stopWithTask="false" >
93-->[:capacitor-android] AndroidManifest.xml:29:13-41
94            <intent-filter>
94-->[:capacitor-android] AndroidManifest.xml:30:13-32:29
95                <action android:name="com.google.firebase.MESSAGING_EVENT" />
95-->[:capacitor-android] AndroidManifest.xml:31:17-78
95-->[:capacitor-android] AndroidManifest.xml:31:25-75
96            </intent-filter>
97        </service>
98
99        <provider
99-->[:capacitor-cordova-android-plugins] AndroidManifest.xml:18:9-26:20
100            android:name="io.github.pwlin.cordova.plugins.fileopener2.FileProvider"
100-->[:capacitor-cordova-android-plugins] AndroidManifest.xml:19:13-84
101            android:authorities="io.ionic.starter.provider"
101-->[:capacitor-cordova-android-plugins] AndroidManifest.xml:20:13-60
102            android:exported="false"
102-->[:capacitor-cordova-android-plugins] AndroidManifest.xml:21:13-37
103            android:grantUriPermissions="true" >
103-->[:capacitor-cordova-android-plugins] AndroidManifest.xml:22:13-47
104            <meta-data
104-->src\main\AndroidManifest.xml:40:13-42:64
105                android:name="android.support.FILE_PROVIDER_PATHS"
105-->src\main\AndroidManifest.xml:41:17-67
106                android:resource="@xml/opener_paths" />
106-->src\main\AndroidManifest.xml:42:17-51
107        </provider>
108        <!--
109             FirebaseMessagingService performs security checks at runtime,
110             but set to not exported to explicitly avoid allowing another app to call it.
111        -->
112        <service
112-->[com.google.firebase:firebase-messaging:20.1.2] AndroidManifest.xml:28:9-34:19
113            android:name="com.google.firebase.messaging.FirebaseMessagingService"
113-->[com.google.firebase:firebase-messaging:20.1.2] AndroidManifest.xml:29:13-82
114            android:exported="false" >
114-->[com.google.firebase:firebase-messaging:20.1.2] AndroidManifest.xml:30:13-37
115            <intent-filter android:priority="-500" >
115-->[:capacitor-android] AndroidManifest.xml:30:13-32:29
116                <action android:name="com.google.firebase.MESSAGING_EVENT" />
116-->[:capacitor-android] AndroidManifest.xml:31:17-78
116-->[:capacitor-android] AndroidManifest.xml:31:25-75
117            </intent-filter>
118        </service>
119        <service
119-->[com.google.firebase:firebase-messaging:20.1.2] AndroidManifest.xml:35:9-41:19
120            android:name="com.google.firebase.components.ComponentDiscoveryService"
120-->[com.google.firebase:firebase-messaging:20.1.2] AndroidManifest.xml:36:13-84
121            android:directBootAware="true"
121-->[com.google.firebase:firebase-common:19.3.0] AndroidManifest.xml:34:13-43
122            android:exported="false" >
122-->[com.google.firebase:firebase-messaging:20.1.2] AndroidManifest.xml:37:13-37
123            <meta-data
123-->[com.google.firebase:firebase-messaging:20.1.2] AndroidManifest.xml:38:13-40:85
124                android:name="com.google.firebase.components:com.google.firebase.messaging.FirebaseMessagingRegistrar"
124-->[com.google.firebase:firebase-messaging:20.1.2] AndroidManifest.xml:39:17-119
125                android:value="com.google.firebase.components.ComponentRegistrar" />
125-->[com.google.firebase:firebase-messaging:20.1.2] AndroidManifest.xml:40:17-82
126            <meta-data
126-->[com.google.firebase:firebase-datatransport:17.0.3] AndroidManifest.xml:28:13-30:85
127                android:name="com.google.firebase.components:com.google.firebase.datatransport.TransportRegistrar"
127-->[com.google.firebase:firebase-datatransport:17.0.3] AndroidManifest.xml:29:17-115
128                android:value="com.google.firebase.components.ComponentRegistrar" />
128-->[com.google.firebase:firebase-datatransport:17.0.3] AndroidManifest.xml:30:17-82
129            <meta-data
129-->[com.google.firebase:firebase-iid:20.1.1] AndroidManifest.xml:32:13-34:85
130                android:name="com.google.firebase.components:com.google.firebase.iid.Registrar"
130-->[com.google.firebase:firebase-iid:20.1.1] AndroidManifest.xml:33:17-96
131                android:value="com.google.firebase.components.ComponentRegistrar" />
131-->[com.google.firebase:firebase-iid:20.1.1] AndroidManifest.xml:34:17-82
132            <meta-data
132-->[com.google.firebase:firebase-installations:16.0.0] AndroidManifest.xml:17:13-19:85
133                android:name="com.google.firebase.components:com.google.firebase.installations.FirebaseInstallationsRegistrar"
133-->[com.google.firebase:firebase-installations:16.0.0] AndroidManifest.xml:18:17-127
134                android:value="com.google.firebase.components.ComponentRegistrar" />
134-->[com.google.firebase:firebase-installations:16.0.0] AndroidManifest.xml:19:17-82
135        </service>
136
137        <receiver
137-->[com.google.firebase:firebase-iid:20.1.1] AndroidManifest.xml:37:9-44:20
138            android:name="com.google.firebase.iid.FirebaseInstanceIdReceiver"
138-->[com.google.firebase:firebase-iid:20.1.1] AndroidManifest.xml:38:13-78
139            android:exported="true"
139-->[com.google.firebase:firebase-iid:20.1.1] AndroidManifest.xml:39:13-36
140            android:permission="com.google.android.c2dm.permission.SEND" >
140-->[com.google.firebase:firebase-iid:20.1.1] AndroidManifest.xml:40:13-73
141            <intent-filter>
141-->[com.google.firebase:firebase-iid:20.1.1] AndroidManifest.xml:41:13-43:29
142                <action android:name="com.google.android.c2dm.intent.RECEIVE" />
142-->[com.google.firebase:firebase-iid:20.1.1] AndroidManifest.xml:42:17-81
142-->[com.google.firebase:firebase-iid:20.1.1] AndroidManifest.xml:42:25-78
143            </intent-filter>
144        </receiver>
145
146        <provider
146-->[com.google.firebase:firebase-common:19.3.0] AndroidManifest.xml:26:9-30:39
147            android:name="com.google.firebase.provider.FirebaseInitProvider"
147-->[com.google.firebase:firebase-common:19.3.0] AndroidManifest.xml:27:13-77
148            android:authorities="io.ionic.starter.firebaseinitprovider"
148-->[com.google.firebase:firebase-common:19.3.0] AndroidManifest.xml:28:13-72
149            android:exported="false"
149-->[com.google.firebase:firebase-common:19.3.0] AndroidManifest.xml:29:13-37
150            android:initOrder="100" />
150-->[com.google.firebase:firebase-common:19.3.0] AndroidManifest.xml:30:13-36
151
152        <activity
152-->[com.google.android.gms:play-services-base:17.0.0] AndroidManifest.xml:23:9-26:75
153            android:name="com.google.android.gms.common.api.GoogleApiActivity"
153-->[com.google.android.gms:play-services-base:17.0.0] AndroidManifest.xml:24:13-79
154            android:exported="false"
154-->[com.google.android.gms:play-services-base:17.0.0] AndroidManifest.xml:25:13-37
155            android:theme="@android:style/Theme.Translucent.NoTitleBar" />
155-->[com.google.android.gms:play-services-base:17.0.0] AndroidManifest.xml:26:13-72
156
157        <meta-data
157-->[com.google.android.gms:play-services-basement:17.0.0] AndroidManifest.xml:23:9-25:69
158            android:name="com.google.android.gms.version"
158-->[com.google.android.gms:play-services-basement:17.0.0] AndroidManifest.xml:24:13-58
159            android:value="@integer/google_play_services_version" />
159-->[com.google.android.gms:play-services-basement:17.0.0] AndroidManifest.xml:25:13-66
160
161        <service
161-->[com.google.android.datatransport:transport-backend-cct:2.2.0] AndroidManifest.xml:29:9-35:19
162            android:name="com.google.android.datatransport.runtime.backends.TransportBackendDiscovery"
162-->[com.google.android.datatransport:transport-backend-cct:2.2.0] AndroidManifest.xml:30:13-103
163            android:exported="false" >
163-->[com.google.android.datatransport:transport-backend-cct:2.2.0] AndroidManifest.xml:31:13-37
164            <meta-data
164-->[com.google.android.datatransport:transport-backend-cct:2.2.0] AndroidManifest.xml:32:13-34:39
165                android:name="backend:com.google.android.datatransport.cct.CctBackendFactory"
165-->[com.google.android.datatransport:transport-backend-cct:2.2.0] AndroidManifest.xml:33:17-94
166                android:value="cct" />
166-->[com.google.android.datatransport:transport-backend-cct:2.2.0] AndroidManifest.xml:34:17-36
167        </service>
168        <service
168-->[com.google.android.datatransport:transport-runtime:2.2.0] AndroidManifest.xml:26:9-30:19
169            android:name="com.google.android.datatransport.runtime.scheduling.jobscheduling.JobInfoSchedulerService"
169-->[com.google.android.datatransport:transport-runtime:2.2.0] AndroidManifest.xml:27:13-117
170            android:exported="false"
170-->[com.google.android.datatransport:transport-runtime:2.2.0] AndroidManifest.xml:28:13-37
171            android:permission="android.permission.BIND_JOB_SERVICE" >
171-->[com.google.android.datatransport:transport-runtime:2.2.0] AndroidManifest.xml:29:13-69
172        </service>
173
174        <receiver
174-->[com.google.android.datatransport:transport-runtime:2.2.0] AndroidManifest.xml:32:9-34:40
175            android:name="com.google.android.datatransport.runtime.scheduling.jobscheduling.AlarmManagerSchedulerBroadcastReceiver"
175-->[com.google.android.datatransport:transport-runtime:2.2.0] AndroidManifest.xml:33:13-132
176            android:exported="false" />
176-->[com.google.android.datatransport:transport-runtime:2.2.0] AndroidManifest.xml:34:13-37
177    </application>
178
179</manifest>